<?xml version="1.0" encoding="UTF-8"?>
<testsuite xmlns:xsi="http://www.w3.org/2001/XMLSchema-instance" xsi:noNamespaceSchemaLocation="https://maven.apache.org/surefire/maven-surefire-plugin/xsd/surefire-test-report.xsd" name="TestSuite" time="2.754" tests="1" errors="0" skipped="0" failures="1">
  <properties>
    <property name="sun.desktop" value="windows"/>
    <property name="awt.toolkit" value="sun.awt.windows.WToolkit"/>
    <property name="file.encoding.pkg" value="sun.io"/>
    <property name="java.specification.version" value="1.8"/>
    <property name="sun.cpu.isalist" value="amd64"/>
    <property name="sun.jnu.encoding" value="Cp1252"/>
    <property name="java.class.path" value="C:\Users\OJO\IdeaProjects\BrightHRexercise\target\test-classes;C:\Users\OJO\IdeaProjects\BrightHRexercise\target\classes;C:\Users\OJO\.m2\repository\org\testng\testng\6.14.3\testng-6.14.3.jar;C:\Users\OJO\.m2\repository\com\beust\jcommander\1.72\jcommander-1.72.jar;C:\Users\OJO\.m2\repository\org\apache-extras\beanshell\bsh\2.0b6\bsh-2.0b6.jar;C:\Users\OJO\.m2\repository\org\seleniumhq\selenium\selenium-java\3.11.0\selenium-java-3.11.0.jar;C:\Users\OJO\.m2\repository\org\seleniumhq\selenium\selenium-api\3.11.0\selenium-api-3.11.0.jar;C:\Users\OJO\.m2\repository\org\seleniumhq\selenium\selenium-chrome-driver\3.11.0\selenium-chrome-driver-3.11.0.jar;C:\Users\OJO\.m2\repository\org\seleniumhq\selenium\selenium-edge-driver\3.11.0\selenium-edge-driver-3.11.0.jar;C:\Users\OJO\.m2\repository\org\seleniumhq\selenium\selenium-firefox-driver\3.11.0\selenium-firefox-driver-3.11.0.jar;C:\Users\OJO\.m2\repository\org\seleniumhq\selenium\selenium-ie-driver\3.11.0\selenium-ie-driver-3.11.0.jar;C:\Users\OJO\.m2\repository\org\seleniumhq\selenium\selenium-opera-driver\3.11.0\selenium-opera-driver-3.11.0.jar;C:\Users\OJO\.m2\repository\org\seleniumhq\selenium\selenium-remote-driver\3.11.0\selenium-remote-driver-3.11.0.jar;C:\Users\OJO\.m2\repository\org\seleniumhq\selenium\selenium-safari-driver\3.11.0\selenium-safari-driver-3.11.0.jar;C:\Users\OJO\.m2\repository\org\seleniumhq\selenium\selenium-support\3.11.0\selenium-support-3.11.0.jar;C:\Users\OJO\.m2\repository\net\bytebuddy\byte-buddy\1.7.9\byte-buddy-1.7.9.jar;C:\Users\OJO\.m2\repository\org\apache\commons\commons-exec\1.3\commons-exec-1.3.jar;C:\Users\OJO\.m2\repository\commons-codec\commons-codec\1.10\commons-codec-1.10.jar;C:\Users\OJO\.m2\repository\commons-logging\commons-logging\1.2\commons-logging-1.2.jar;C:\Users\OJO\.m2\repository\com\google\code\gson\gson\2.8.2\gson-2.8.2.jar;C:\Users\OJO\.m2\repository\com\google\guava\guava\23.6-jre\guava-23.6-jre.jar;C:\Users\OJO\.m2\repository\com\google\code\findbugs\jsr305\1.3.9\jsr305-1.3.9.jar;C:\Users\OJO\.m2\repository\org\checkerframework\checker-compat-qual\2.0.0\checker-compat-qual-2.0.0.jar;C:\Users\OJO\.m2\repository\com\google\errorprone\error_prone_annotations\2.1.3\error_prone_annotations-2.1.3.jar;C:\Users\OJO\.m2\repository\com\google\j2objc\j2objc-annotations\1.1\j2objc-annotations-1.1.jar;C:\Users\OJO\.m2\repository\org\codehaus\mojo\animal-sniffer-annotations\1.14\animal-sniffer-annotations-1.14.jar;C:\Users\OJO\.m2\repository\org\apache\httpcomponents\httpclient\4.5.3\httpclient-4.5.3.jar;C:\Users\OJO\.m2\repository\org\apache\httpcomponents\httpcore\4.4.6\httpcore-4.4.6.jar;C:\Users\OJO\.m2\repository\com\squareup\okhttp3\okhttp\3.9.1\okhttp-3.9.1.jar;C:\Users\OJO\.m2\repository\com\squareup\okio\okio\1.13.0\okio-1.13.0.jar;C:\Users\OJO\.m2\repository\info\cukes\cucumber-java\1.2.5\cucumber-java-1.2.5.jar;C:\Users\OJO\.m2\repository\info\cukes\cucumber-core\1.2.5\cucumber-core-1.2.5.jar;C:\Users\OJO\.m2\repository\info\cukes\cucumber-html\0.2.3\cucumber-html-0.2.3.jar;C:\Users\OJO\.m2\repository\info\cukes\gherkin\2.12.2\gherkin-2.12.2.jar;C:\Users\OJO\.m2\repository\info\cukes\cucumber-jvm-deps\1.0.5\cucumber-jvm-deps-1.0.5.jar;C:\Users\OJO\.m2\repository\junit\junit\4.12\junit-4.12.jar;C:\Users\OJO\.m2\repository\org\hamcrest\hamcrest-core\1.3\hamcrest-core-1.3.jar;C:\Users\OJO\.m2\repository\info\cukes\cucumber-testng\1.2.5\cucumber-testng-1.2.5.jar;C:\Users\OJO\.m2\repository\net\masterthought\cucumber-reporting\3.8.0\cucumber-reporting-3.8.0.jar;C:\Users\OJO\.m2\repository\org\apache\logging\log4j\log4j-api\2.6\log4j-api-2.6.jar;C:\Users\OJO\.m2\repository\org\apache\logging\log4j\log4j-core\2.6\log4j-core-2.6.jar;C:\Users\OJO\.m2\repository\com\fasterxml\jackson\core\jackson-databind\2.8.5\jackson-databind-2.8.5.jar;C:\Users\OJO\.m2\repository\com\fasterxml\jackson\core\jackson-annotations\2.8.0\jackson-annotations-2.8.0.jar;C:\Users\OJO\.m2\repository\com\fasterxml\jackson\core\jackson-core\2.8.5\jackson-core-2.8.5.jar;C:\Users\OJO\.m2\repository\org\apache\velocity\velocity\1.7\velocity-1.7.jar;C:\Users\OJO\.m2\repository\commons-collections\commons-collections\3.2.1\commons-collections-3.2.1.jar;C:\Users\OJO\.m2\repository\commons-lang\commons-lang\2.4\commons-lang-2.4.jar;C:\Users\OJO\.m2\repository\velocity-tools\velocity-tools\1.4\velocity-tools-1.4.jar;C:\Users\OJO\.m2\repository\joda-time\joda-time\2.9.6\joda-time-2.9.6.jar;C:\Users\OJO\.m2\repository\org\apache\commons\commons-lang3\3.5\commons-lang3-3.5.jar;C:\Users\OJO\.m2\repository\commons-io\commons-io\2.5\commons-io-2.5.jar;C:\Users\OJO\.m2\repository\net\lingala\zip4j\zip4j\1.3.2\zip4j-1.3.2.jar;C:\Users\OJO\.m2\repository\org\codehaus\plexus\plexus-utils\3.0.24\plexus-utils-3.0.24.jar;C:\Users\OJO\.m2\repository\org\jsoup\jsoup\1.10.1\jsoup-1.10.1.jar;C:\Users\OJO\.m2\repository\com\googlecode\owasp-java-html-sanitizer\owasp-java-html-sanitizer\20160924.1\owasp-java-html-sanitizer-20160924.1.jar;C:\Users\OJO\.m2\repository\org\apache\maven\surefire\surefire-testng-utils\2.21.0\surefire-testng-utils-2.21.0.jar;C:\Users\OJO\.m2\repository\org\apache\maven\surefire\surefire-grouper\2.21.0\surefire-grouper-2.21.0.jar;"/>
    <property name="java.vm.vendor" value="Oracle Corporation"/>
    <property name="sun.arch.data.model" value="64"/>
    <property name="user.variant" value=""/>
    <property name="java.vendor.url" value="http://java.oracle.com/"/>
    <property name="user.timezone" value=""/>
    <property name="java.vm.specification.version" value="1.8"/>
    <property name="os.name" value="Windows 7"/>
    <property name="user.country" value="GB"/>
    <property name="sun.java.launcher" value="SUN_STANDARD"/>
    <property name="sun.boot.library.path" value="C:\Program Files\Java\jdk1.8.0_171\jre\bin"/>
    <property name="sun.java.command" value="C:\Users\OJO\AppData\Local\Temp\surefire7662588456609786673\surefirebooter8233783422932726199.jar C:\Users\OJO\AppData\Local\Temp\surefire7662588456609786673 2018-07-25T01-14-45_961-jvmRun1 surefire3944480126271482725tmp surefire_06032201571832096807tmp"/>
    <property name="surefire.test.class.path" value="C:\Users\OJO\IdeaProjects\BrightHRexercise\target\test-classes;C:\Users\OJO\IdeaProjects\BrightHRexercise\target\classes;C:\Users\OJO\.m2\repository\org\testng\testng\6.14.3\testng-6.14.3.jar;C:\Users\OJO\.m2\repository\com\beust\jcommander\1.72\jcommander-1.72.jar;C:\Users\OJO\.m2\repository\org\apache-extras\beanshell\bsh\2.0b6\bsh-2.0b6.jar;C:\Users\OJO\.m2\repository\org\seleniumhq\selenium\selenium-java\3.11.0\selenium-java-3.11.0.jar;C:\Users\OJO\.m2\repository\org\seleniumhq\selenium\selenium-api\3.11.0\selenium-api-3.11.0.jar;C:\Users\OJO\.m2\repository\org\seleniumhq\selenium\selenium-chrome-driver\3.11.0\selenium-chrome-driver-3.11.0.jar;C:\Users\OJO\.m2\repository\org\seleniumhq\selenium\selenium-edge-driver\3.11.0\selenium-edge-driver-3.11.0.jar;C:\Users\OJO\.m2\repository\org\seleniumhq\selenium\selenium-firefox-driver\3.11.0\selenium-firefox-driver-3.11.0.jar;C:\Users\OJO\.m2\repository\org\seleniumhq\selenium\selenium-ie-driver\3.11.0\selenium-ie-driver-3.11.0.jar;C:\Users\OJO\.m2\repository\org\seleniumhq\selenium\selenium-opera-driver\3.11.0\selenium-opera-driver-3.11.0.jar;C:\Users\OJO\.m2\repository\org\seleniumhq\selenium\selenium-remote-driver\3.11.0\selenium-remote-driver-3.11.0.jar;C:\Users\OJO\.m2\repository\org\seleniumhq\selenium\selenium-safari-driver\3.11.0\selenium-safari-driver-3.11.0.jar;C:\Users\OJO\.m2\repository\org\seleniumhq\selenium\selenium-support\3.11.0\selenium-support-3.11.0.jar;C:\Users\OJO\.m2\repository\net\bytebuddy\byte-buddy\1.7.9\byte-buddy-1.7.9.jar;C:\Users\OJO\.m2\repository\org\apache\commons\commons-exec\1.3\commons-exec-1.3.jar;C:\Users\OJO\.m2\repository\commons-codec\commons-codec\1.10\commons-codec-1.10.jar;C:\Users\OJO\.m2\repository\commons-logging\commons-logging\1.2\commons-logging-1.2.jar;C:\Users\OJO\.m2\repository\com\google\code\gson\gson\2.8.2\gson-2.8.2.jar;C:\Users\OJO\.m2\repository\com\google\guava\guava\23.6-jre\guava-23.6-jre.jar;C:\Users\OJO\.m2\repository\com\google\code\findbugs\jsr305\1.3.9\jsr305-1.3.9.jar;C:\Users\OJO\.m2\repository\org\checkerframework\checker-compat-qual\2.0.0\checker-compat-qual-2.0.0.jar;C:\Users\OJO\.m2\repository\com\google\errorprone\error_prone_annotations\2.1.3\error_prone_annotations-2.1.3.jar;C:\Users\OJO\.m2\repository\com\google\j2objc\j2objc-annotations\1.1\j2objc-annotations-1.1.jar;C:\Users\OJO\.m2\repository\org\codehaus\mojo\animal-sniffer-annotations\1.14\animal-sniffer-annotations-1.14.jar;C:\Users\OJO\.m2\repository\org\apache\httpcomponents\httpclient\4.5.3\httpclient-4.5.3.jar;C:\Users\OJO\.m2\repository\org\apache\httpcomponents\httpcore\4.4.6\httpcore-4.4.6.jar;C:\Users\OJO\.m2\repository\com\squareup\okhttp3\okhttp\3.9.1\okhttp-3.9.1.jar;C:\Users\OJO\.m2\repository\com\squareup\okio\okio\1.13.0\okio-1.13.0.jar;C:\Users\OJO\.m2\repository\info\cukes\cucumber-java\1.2.5\cucumber-java-1.2.5.jar;C:\Users\OJO\.m2\repository\info\cukes\cucumber-core\1.2.5\cucumber-core-1.2.5.jar;C:\Users\OJO\.m2\repository\info\cukes\cucumber-html\0.2.3\cucumber-html-0.2.3.jar;C:\Users\OJO\.m2\repository\info\cukes\gherkin\2.12.2\gherkin-2.12.2.jar;C:\Users\OJO\.m2\repository\info\cukes\cucumber-jvm-deps\1.0.5\cucumber-jvm-deps-1.0.5.jar;C:\Users\OJO\.m2\repository\junit\junit\4.12\junit-4.12.jar;C:\Users\OJO\.m2\repository\org\hamcrest\hamcrest-core\1.3\hamcrest-core-1.3.jar;C:\Users\OJO\.m2\repository\info\cukes\cucumber-testng\1.2.5\cucumber-testng-1.2.5.jar;C:\Users\OJO\.m2\repository\net\masterthought\cucumber-reporting\3.8.0\cucumber-reporting-3.8.0.jar;C:\Users\OJO\.m2\repository\org\apache\logging\log4j\log4j-api\2.6\log4j-api-2.6.jar;C:\Users\OJO\.m2\repository\org\apache\logging\log4j\log4j-core\2.6\log4j-core-2.6.jar;C:\Users\OJO\.m2\repository\com\fasterxml\jackson\core\jackson-databind\2.8.5\jackson-databind-2.8.5.jar;C:\Users\OJO\.m2\repository\com\fasterxml\jackson\core\jackson-annotations\2.8.0\jackson-annotations-2.8.0.jar;C:\Users\OJO\.m2\repository\com\fasterxml\jackson\core\jackson-core\2.8.5\jackson-core-2.8.5.jar;C:\Users\OJO\.m2\repository\org\apache\velocity\velocity\1.7\velocity-1.7.jar;C:\Users\OJO\.m2\repository\commons-collections\commons-collections\3.2.1\commons-collections-3.2.1.jar;C:\Users\OJO\.m2\repository\commons-lang\commons-lang\2.4\commons-lang-2.4.jar;C:\Users\OJO\.m2\repository\velocity-tools\velocity-tools\1.4\velocity-tools-1.4.jar;C:\Users\OJO\.m2\repository\joda-time\joda-time\2.9.6\joda-time-2.9.6.jar;C:\Users\OJO\.m2\repository\org\apache\commons\commons-lang3\3.5\commons-lang3-3.5.jar;C:\Users\OJO\.m2\repository\commons-io\commons-io\2.5\commons-io-2.5.jar;C:\Users\OJO\.m2\repository\net\lingala\zip4j\zip4j\1.3.2\zip4j-1.3.2.jar;C:\Users\OJO\.m2\repository\org\codehaus\plexus\plexus-utils\3.0.24\plexus-utils-3.0.24.jar;C:\Users\OJO\.m2\repository\org\jsoup\jsoup\1.10.1\jsoup-1.10.1.jar;C:\Users\OJO\.m2\repository\com\googlecode\owasp-java-html-sanitizer\owasp-java-html-sanitizer\20160924.1\owasp-java-html-sanitizer-20160924.1.jar;C:\Users\OJO\.m2\repository\org\apache\maven\surefire\surefire-testng-utils\2.21.0\surefire-testng-utils-2.21.0.jar;C:\Users\OJO\.m2\repository\org\apache\maven\surefire\surefire-grouper\2.21.0\surefire-grouper-2.21.0.jar;"/>
    <property name="sun.cpu.endian" value="little"/>
    <property name="user.home" value="C:\Users\OJO"/>
    <property name="user.language" value="en"/>
    <property name="java.specification.vendor" value="Oracle Corporation"/>
    <property name="java.home" value="C:\Program Files\Java\jdk1.8.0_171\jre"/>
    <property name="basedir" value="C:\Users\OJO\IdeaProjects\BrightHRexercise"/>
    <property name="file.separator" value="\"/>
    <property name="line.separator" value="&#10;"/>
    <property name="java.vm.specification.vendor" value="Oracle Corporation"/>
    <property name="java.specification.name" value="Java Platform API Specification"/>
    <property name="java.awt.graphicsenv" value="sun.awt.Win32GraphicsEnvironment"/>
    <property name="surefire.real.class.path" value="C:\Users\OJO\AppData\Local\Temp\surefire7662588456609786673\surefirebooter8233783422932726199.jar"/>
    <property name="sun.boot.class.path" value="C:\Program Files\Java\jdk1.8.0_171\jre\lib\resources.jar;C:\Program Files\Java\jdk1.8.0_171\jre\lib\rt.jar;C:\Program Files\Java\jdk1.8.0_171\jre\lib\sunrsasign.jar;C:\Program Files\Java\jdk1.8.0_171\jre\lib\jsse.jar;C:\Program Files\Java\jdk1.8.0_171\jre\lib\jce.jar;C:\Program Files\Java\jdk1.8.0_171\jre\lib\charsets.jar;C:\Program Files\Java\jdk1.8.0_171\jre\lib\jfr.jar;C:\Program Files\Java\jdk1.8.0_171\jre\classes"/>
    <property name="user.script" value=""/>
    <property name="sun.management.compiler" value="HotSpot 64-Bit Tiered Compilers"/>
    <property name="java.runtime.version" value="1.8.0_171-b11"/>
    <property name="user.name" value="OJO"/>
    <property name="path.separator" value=";"/>
    <property name="os.version" value="6.1"/>
    <property name="java.endorsed.dirs" value="C:\Program Files\Java\jdk1.8.0_171\jre\lib\endorsed"/>
    <property name="java.runtime.name" value="Java(TM) SE Runtime Environment"/>
    <property name="file.encoding" value="Cp1252"/>
    <property name="java.vm.name" value="Java HotSpot(TM) 64-Bit Server VM"/>
    <property name="localRepository" value="C:\Users\OJO\.m2\repository"/>
    <property name="java.vendor.url.bug" value="http://bugreport.sun.com/bugreport/"/>
    <property name="java.io.tmpdir" value="C:\Users\OJO\AppData\Local\Temp\"/>
    <property name="idea.version" value="2018.1.5"/>
    <property name="java.version" value="1.8.0_171"/>
    <property name="user.dir" value="C:\Users\OJO\IdeaProjects\BrightHRexercise"/>
    <property name="os.arch" value="amd64"/>
    <property name="java.vm.specification.name" value="Java Virtual Machine Specification"/>
    <property name="java.awt.printerjob" value="sun.awt.windows.WPrinterJob"/>
    <property name="sun.os.patch.level" value="Service Pack 1"/>
    <property name="java.library.path" value="C:\Program Files\Java\jdk1.8.0_171\jre\bin;C:\Windows\Sun\Java\bin;C:\Windows\system32;C:\Windows;C:\Program Files\Java\jdk1.8.0_171\bin\;C:\apache-maven-3.5.4\bin;C:\Program Files\Git\cmd;C:\Users\OJO\AppData\Local\GitHubDesktop\bin;."/>
    <property name="java.vm.info" value="mixed mode"/>
    <property name="java.vendor" value="Oracle Corporation"/>
    <property name="java.vm.version" value="25.171-b11"/>
    <property name="java.ext.dirs" value="C:\Program Files\Java\jdk1.8.0_171\jre\lib\ext;C:\Windows\Sun\Java\lib\ext"/>
    <property name="sun.io.unicode.encoding" value="UnicodeLittle"/>
    <property name="java.class.version" value="52.0"/>
  </properties>
  <testcase name="feature" classname="TestRunner" time="0.306">
    <failure message="java.lang.NullPointerException" type="cucumber.runtime.CucumberException">cucumber.runtime.CucumberException: java.lang.NullPointerException
	at TestRunner.feature(TestRunner.java:29)
Caused by: java.lang.NullPointerException
</failure>
    <system-out><![CDATA[Feature: Book Absence
  As a user I want to Log into BrightHR WebApp
  I want to Book an Absence for myself

  Background: Successful login                   &amp#27;[90m# loginpage.feature:7&amp#27;[0m
    &amp#27;[31mGiven &amp#27;[0m&amp#27;[31mI fill the username with "&amp#27;[0m&amp#27;[31m&amp#27;[1moluseyi.ojo&amp#27;[0m&amp#27;[31m"&amp#27;[0m &amp#27;[90m# loginpage.i_fill_the_username_with(String)&amp#27;[0m
      &amp#27;[31mjava.lang.NullPointerException
      	at stepdefs.loginpage.i_fill_the_username_with(loginpage.java:24)
      	at ?.Given I fill the username with "oluseyi.ojo"(loginpage.feature:8)
      &amp#27;[0m
    &amp#27;[36mWhen &amp#27;[0m&amp#27;[36mI fill the password with "&amp#27;[0m&amp#27;[36m&amp#27;[1m123456&amp#27;[0m&amp#27;[36m"&amp#27;[0m       &amp#27;[90m# loginpage.i_fill_the_password_with(String)&amp#27;[0m
    &amp#27;[36mAnd &amp#27;[0m&amp#27;[36mI click on the "&amp#27;[0m&amp#27;[36m&amp#27;[1mlog me in&amp#27;[0m&amp#27;[36m" button&amp#27;[0m        &amp#27;[90m# loginpage.i_click_on_the_button(String)&amp#27;[0m
    &amp#27;[36mThen &amp#27;[0m&amp#27;[36mI verify that I am on my profile page&amp#27;[0m   &amp#27;[90m# loginpage.iVerifyThatIAmOnMyProfilePage()&amp#27;[0m

  Scenario: absence request                                &amp#27;[90m# loginpage.feature:15&amp#27;[0m
    &amp#27;[36mWhen &amp#27;[0m&amp#27;[36mI click the "&amp#27;[0m&amp#27;[36m&amp#27;[1mrequest time off&amp#27;[0m&amp#27;[36m" button&amp#27;[0m             &amp#27;[90m# loginpage.i_click_the_button(String)&amp#27;[0m
    &amp#27;[36mAnd &amp#27;[0m&amp#27;[36mI select "&amp#27;[0m&amp#27;[36m&amp#27;[1mAnnual leave&amp#27;[0m&amp#27;[36m" from the absence button&amp#27;[0m    &amp#27;[90m# loginpage.i_select_from_the_absence_button(String)&amp#27;[0m
    &amp#27;[36mAnd &amp#27;[0m&amp#27;[36mI select the start date and time&amp#27;[0m                   &amp#27;[90m# loginpage.i_select_the_start_date_and_time()&amp#27;[0m
    &amp#27;[36mAnd &amp#27;[0m&amp#27;[36mI select the end date and time&amp#27;[0m                     &amp#27;[90m# loginpage.i_select_the_end_date_and_time()&amp#27;[0m
    &amp#27;[36mAnd &amp#27;[0m&amp#27;[36mI input the reason for absence&amp#27;[0m                     &amp#27;[90m# loginpage.i_input_the_reason_for_absence()&amp#27;[0m
    &amp#27;[36mAnd &amp#27;[0m&amp#27;[36mI click the "&amp#27;[0m&amp#27;[36m&amp#27;[1mAdd absence&amp#27;[0m&amp#27;[36m" button&amp#27;[0m                   &amp#27;[90m# loginpage.i_click_the_button(String)&amp#27;[0m
    &amp#27;[36mThen &amp#27;[0m&amp#27;[36mI should see the message "&amp#27;[0m&amp#27;[36m&amp#27;[1mAnnual Leave requested&amp#27;[0m&amp#27;[36m"&amp#27;[0m &amp#27;[90m# loginpage.i_should_see_the_message(String)&amp#27;[0m
]]></system-out>
  </testcase>
</testsuite>